2025-11-30 22:02:27 [INFO] ====== WebDriver manager ====== (logger.py:11)
2025-11-30 22:02:28 [INFO] Get LATEST chromedriver version for google-chrome (logger.py:11)
2025-11-30 22:02:28 [INFO] Get LATEST chromedriver version for google-chrome (logger.py:11)
2025-11-30 22:02:28 [INFO] Driver [C:\Users\Luis\.wdm\drivers\chromedriver\win64\142.0.7444.175\chromedriver-win32/chromedriver.exe] found in cache (logger.py:11)
2025-11-30 22:02:30 [INFO] Iniciando prueba: test_cart_operations (test_carrito.py:16)
2025-11-30 22:02:34 [INFO] Agregando producto y navegando al carrito (test_carrito.py:29)
2025-11-30 22:02:34 [INFO] Verificando página y conteo de items en el carrito (test_carrito.py:34)
2025-11-30 22:02:34 [INFO] Prueba test_cart_operations completada exitosamente (test_carrito.py:42)
2025-11-30 22:02:36 [INFO] ====== WebDriver manager ====== (logger.py:11)
2025-11-30 22:02:37 [INFO] Get LATEST chromedriver version for google-chrome (logger.py:11)
2025-11-30 22:02:37 [INFO] Get LATEST chromedriver version for google-chrome (logger.py:11)
2025-11-30 22:02:37 [INFO] Driver [C:\Users\Luis\.wdm\drivers\chromedriver\win64\142.0.7444.175\chromedriver-win32/chromedriver.exe] found in cache (logger.py:11)
2025-11-30 22:02:38 [INFO] Iniciando prueba: test_remove_from_cart (test_carrito.py:49)
2025-11-30 22:02:42 [INFO] Agregando producto y navegando al carrito (test_carrito.py:61)
2025-11-30 22:02:42 [INFO] Removiendo item del carrito (test_carrito.py:67)
2025-11-30 22:02:52 [INFO] Prueba test_remove_from_cart completada exitosamente (test_carrito.py:73)
2025-11-30 22:02:54 [INFO] ====== WebDriver manager ====== (logger.py:11)
2025-11-30 22:02:55 [INFO] Get LATEST chromedriver version for google-chrome (logger.py:11)
2025-11-30 22:02:55 [INFO] Get LATEST chromedriver version for google-chrome (logger.py:11)
2025-11-30 22:02:55 [INFO] Driver [C:\Users\Luis\.wdm\drivers\chromedriver\win64\142.0.7444.175\chromedriver-win32/chromedriver.exe] found in cache (logger.py:11)
2025-11-30 22:02:56 [INFO] Iniciando prueba: test_checkout_process (test_checkout_pagina.py:17)
2025-11-30 22:03:01 [INFO] Agregando producto, navegando al carrito e iniciando checkout (test_checkout_pagina.py:30)
2025-11-30 22:03:08 [INFO] Verificando página de checkout y llenando información del cliente (test_checkout_pagina.py:38)
2025-11-30 22:03:08 [INFO] Prueba test_checkout_process completada exitosamente (test_checkout_pagina.py:47)
2025-11-30 22:03:10 [INFO] ====== WebDriver manager ====== (logger.py:11)
2025-11-30 22:03:11 [INFO] Get LATEST chromedriver version for google-chrome (logger.py:11)
2025-11-30 22:03:11 [INFO] Get LATEST chromedriver version for google-chrome (logger.py:11)
2025-11-30 22:03:11 [INFO] Driver [C:\Users\Luis\.wdm\drivers\chromedriver\win64\142.0.7444.175\chromedriver-win32/chromedriver.exe] found in cache (logger.py:11)
2025-11-30 22:03:12 [INFO] Iniciando prueba: test_checkout_validation (test_checkout_pagina.py:53)
2025-11-30 22:03:17 [INFO] Agregando producto, navegando al carrito e iniciando checkout (test_checkout_pagina.py:66)
2025-11-30 22:03:17 [INFO] Intentando continuar sin información y verificando error (test_checkout_pagina.py:72)
2025-11-30 22:03:17 [INFO] Prueba test_checkout_validation completada exitosamente (test_checkout_pagina.py:78)
2025-11-30 22:03:19 [INFO] ====== WebDriver manager ====== (logger.py:11)
2025-11-30 22:03:20 [INFO] Get LATEST chromedriver version for google-chrome (logger.py:11)
2025-11-30 22:03:20 [INFO] Get LATEST chromedriver version for google-chrome (logger.py:11)
2025-11-30 22:03:21 [INFO] Driver [C:\Users\Luis\.wdm\drivers\chromedriver\win64\142.0.7444.175\chromedriver-win32/chromedriver.exe] found in cache (logger.py:11)
2025-11-30 22:03:22 [INFO] Iniciando prueba: test_complete_purchase_flow (test_checkout_paginaCompleta.py:18)
2025-11-30 22:03:26 [INFO] Agregando producto al carrito e iniciando checkout (test_checkout_paginaCompleta.py:32)
2025-11-30 22:03:27 [INFO] Llenando información del cliente y completando compra (test_checkout_paginaCompleta.py:40)
2025-11-30 22:03:27 [INFO] Prueba test_complete_purchase_flow completada exitosamente (test_checkout_paginaCompleta.py:55)
2025-11-30 22:03:29 [INFO] ====== WebDriver manager ====== (logger.py:11)
2025-11-30 22:03:30 [INFO] Get LATEST chromedriver version for google-chrome (logger.py:11)
2025-11-30 22:03:30 [INFO] Get LATEST chromedriver version for google-chrome (logger.py:11)
2025-11-30 22:03:30 [INFO] Driver [C:\Users\Luis\.wdm\drivers\chromedriver\win64\142.0.7444.175\chromedriver-win32/chromedriver.exe] found in cache (logger.py:11)
2025-11-30 22:03:31 [INFO] Iniciando prueba: test_inventory (test_inventario.py:15)
2025-11-30 22:03:31 [INFO] Abriendo página de login e iniciando sesión (test_inventario.py:21)
2025-11-30 22:03:42 [INFO] Verificando página de inventario y realizando logout (test_inventario.py:28)
2025-11-30 22:03:51 [INFO] Prueba test_inventory completada exitosamente (test_inventario.py:35)
2025-11-30 22:03:53 [INFO] ====== WebDriver manager ====== (logger.py:11)
2025-11-30 22:03:54 [INFO] Get LATEST chromedriver version for google-chrome (logger.py:11)
2025-11-30 22:03:54 [INFO] Get LATEST chromedriver version for google-chrome (logger.py:11)
2025-11-30 22:03:54 [INFO] Driver [C:\Users\Luis\.wdm\drivers\chromedriver\win64\142.0.7444.175\chromedriver-win32/chromedriver.exe] found in cache (logger.py:11)
2025-11-30 22:03:55 [INFO] Iniciando prueba de login → usuario: 'standard_user' (test_login.py:21)
2025-11-30 22:03:55 [INFO] Abriendo página de login y enviando credenciales (test_login.py:26)
2025-11-30 22:03:56 [INFO] Caso exitoso → se espera redirección a inventario (test_login.py:32)
2025-11-30 22:03:56 [INFO] Prueba de login completada → usuario: 'standard_user' - Resultado: PASS (test_login.py:40)
2025-11-30 22:03:58 [INFO] ====== WebDriver manager ====== (logger.py:11)
2025-11-30 22:03:59 [INFO] Get LATEST chromedriver version for google-chrome (logger.py:11)
2025-11-30 22:03:59 [INFO] Get LATEST chromedriver version for google-chrome (logger.py:11)
2025-11-30 22:03:59 [INFO] Driver [C:\Users\Luis\.wdm\drivers\chromedriver\win64\142.0.7444.175\chromedriver-win32/chromedriver.exe] found in cache (logger.py:11)
2025-11-30 22:04:00 [INFO] Iniciando prueba de login → usuario: 'locked_out_user' (test_login.py:21)
2025-11-30 22:04:00 [INFO] Abriendo página de login y enviando credenciales (test_login.py:26)
2025-11-30 22:04:01 [INFO] Caso fallido → se espera que NO redirija a inventario (test_login.py:36)
2025-11-30 22:04:01 [INFO] Prueba de login completada → usuario: 'locked_out_user' - Resultado: FAIL (esperado) (test_login.py:40)
2025-11-30 22:04:03 [INFO] ====== WebDriver manager ====== (logger.py:11)
2025-11-30 22:04:04 [INFO] Get LATEST chromedriver version for google-chrome (logger.py:11)
2025-11-30 22:04:04 [INFO] Get LATEST chromedriver version for google-chrome (logger.py:11)
2025-11-30 22:04:04 [INFO] Driver [C:\Users\Luis\.wdm\drivers\chromedriver\win64\142.0.7444.175\chromedriver-win32/chromedriver.exe] found in cache (logger.py:11)
2025-11-30 22:04:05 [INFO] Iniciando prueba de login → usuario: 'usuario_malo' (test_login.py:21)
2025-11-30 22:04:05 [INFO] Abriendo página de login y enviando credenciales (test_login.py:26)
2025-11-30 22:04:06 [INFO] Caso fallido → se espera que NO redirija a inventario (test_login.py:36)
2025-11-30 22:04:06 [INFO] Prueba de login completada → usuario: 'usuario_malo' - Resultado: FAIL (esperado) (test_login.py:40)
2025-11-30 22:04:08 [INFO] 
========================================== (test_regression_HTML.py:45)
2025-11-30 22:04:08 [INFO] === INICIO: GET /posts - Obtener Posts === (test_regression_HTML.py:46)
2025-11-30 22:04:08 [INFO] === FIN: GET /posts - Obtener Posts EXITOSO! === (test_regression_HTML.py:51)
2025-11-30 22:04:08 [INFO] ========================================== (test_regression_HTML.py:52)
2025-11-30 22:04:08 [INFO] 
========================================== (test_regression_HTML.py:45)
2025-11-30 22:04:08 [INFO] === INICIO: POST /posts - Crear Post === (test_regression_HTML.py:46)
2025-11-30 22:04:09 [INFO] === FIN: POST /posts - Crear Post EXITOSO! === (test_regression_HTML.py:51)
2025-11-30 22:04:09 [INFO] ========================================== (test_regression_HTML.py:52)
2025-11-30 22:04:09 [INFO] 
========================================== (test_regression_HTML.py:45)
2025-11-30 22:04:09 [INFO] === INICIO: DELETE /posts/{id} - Eliminar Post === (test_regression_HTML.py:46)
2025-11-30 22:04:09 [INFO] === FIN: DELETE /posts/{id} - Eliminar Post EXITOSO! === (test_regression_HTML.py:51)
2025-11-30 22:04:09 [INFO] ========================================== (test_regression_HTML.py:52)
